# JRE version: Java(TM) SE Runtime Environment (20.0.1+9) (build 20.0.1+9-29)
# Java VM: Java HotSpot(TM) 64-Bit Server VM (20.0.1+9-29, mixed mode, sharing, tiered, compressed oops, compressed class ptrs, g1 gc, windows-amd64)
GC Precious Log:
 CardTable entry size: 512
 Card Set container configuration: InlinePtr #cards 5 size 8 Array Of Cards #cards 12 size 40 Howl #buckets 4 coarsen threshold 1843 Howl Bitmap #cards 512 size 80 coarsen threshold 460 Card regions per heap region 1 cards per card region 2048
 CPUs: 12 total, 12 available
 Memory: 8044M
 Large Page Support: Disabled
 NUMA Support: Disabled
 Compressed Oops: Enabled (32-bit)
 Heap Region Size: 1M
 Heap Min Capacity: 256M
 Heap Initial Capacity: 256M
 Heap Max Capacity: 512M
 Pre-touch: Disabled
 Parallel Workers: 10
 Concurrent Workers: 3
 Concurrent Refinement Workers: 10
 Periodic GC: Disabled
Heap:
 garbage-first heap   total 262144K, used 55131K [0x00000000e0000000, 0x0000000100000000)
  region size 1024K, 26 young (26624K), 19 survivors (19456K)
 Metaspace       used 56808K, committed 58752K, reserved 380928K
  class space    used 8077K, committed 9024K, reserved 315392K
GC Heap History (16 events):
Event: 1.208 GC heap before
{Heap before GC invocations=0 (full 0):
 garbage-first heap   total 262144K, used 26624K [0x00000000e0000000, 0x0000000100000000)
  region size 1024K, 23 young (23552K), 0 survivors (0K)
 Metaspace       used 3142K, committed 3328K, reserved 380928K
  class space    used 400K, committed 448K, reserved 315392K
}
Event: 1.243 GC heap after
{Heap after GC invocations=1 (full 0):
 garbage-first heap   total 262144K, used 10400K [0x00000000e0000000, 0x0000000100000000)
  region size 1024K, 3 young (3072K), 3 survivors (3072K)
 Metaspace       used 3142K, committed 3328K, reserved 380928K
  class space    used 400K, committed 448K, reserved 315392K
}
Event: 2.011 GC heap before
{Heap before GC invocations=1 (full 0):
 garbage-first heap   total 262144K, used 39072K [0x00000000e0000000, 0x0000000100000000)
  region size 1024K, 32 young (32768K), 3 survivors (3072K)
 Metaspace       used 4049K, committed 4224K, reserved 380928K
  class space    used 490K, committed 576K, reserved 315392K
}
Event: 2.015 GC heap after
{Heap after GC invocations=2 (full 0):
 garbage-first heap   total 262144K, used 11168K [0x00000000e0000000, 0x0000000100000000)
  region size 1024K, 1 young (1024K), 1 survivors (1024K)
 Metaspace       used 4049K, committed 4224K, reserved 380928K
  class space    used 490K, committed 576K, reserved 315392K
}
Event: 5.509 GC heap before
{Heap before GC invocations=2 (full 0):
 garbage-first heap   total 262144K, used 119712K [0x00000000e0000000, 0x0000000100000000)
  region size 1024K, 107 young (109568K), 1 survivors (1024K)
 Metaspace       used 20823K, committed 21504K, reserved 380928K
  class space    used 3040K, committed 3328K, reserved 315392K
}
Event: 5.536 GC heap after
{Heap after GC invocations=3 (full 0):
 garbage-first heap   total 262144K, used 22812K [0x00000000e0000000, 0x0000000100000000)
  region size 1024K, 13 young (13312K), 13 survivors (13312K)
 Metaspace       used 20823K, committed 21504K, reserved 380928K
  class space    used 3040K, committed 3328K, reserved 315392K
}
Event: 8.776 GC heap before
{Heap before GC invocations=4 (full 0):
 garbage-first heap   total 262144K, used 129308K [0x00000000e0000000, 0x0000000100000000)
  region size 1024K, 119 young (121856K), 13 survivors (13312K)
 Metaspace       used 34748K, committed 35968K, reserved 380928K
  class space    used 4947K, committed 5568K, reserved 315392K
}
Event: 8.796 GC heap after
{Heap after GC invocations=5 (full 0):
 garbage-first heap   total 262144K, used 31192K [0x00000000e0000000, 0x0000000100000000)
  region size 1024K, 9 young (9216K), 9 survivors (9216K)
 Metaspace       used 34748K, committed 35968K, reserved 380928K
  class space    used 4947K, committed 5568K, reserved 315392K
}
Event: 8.838 GC heap before
{Heap before GC invocations=5 (full 0):
 garbage-first heap   total 262144K, used 37336K [0x00000000e0000000, 0x0000000100000000)
  region size 1024K, 12 young (12288K), 9 survivors (9216K)
 Metaspace       used 35080K, committed 36288K, reserved 380928K
  class space    used 4955K, committed 5568K, reserved 315392K
}
Event: 8.855 GC heap after
{Heap after GC invocations=6 (full 0):
 garbage-first heap   total 262144K, used 33156K [0x00000000e0000000, 0x0000000100000000)
  region size 1024K, 8 young (8192K), 8 survivors (8192K)
 Metaspace       used 35080K, committed 36288K, reserved 380928K
  class space    used 4955K, committed 5568K, reserved 315392K
}
Event: 8.860 GC heap before
{Heap before GC invocations=6 (full 0):
 garbage-first heap   total 262144K, used 33156K [0x00000000e0000000, 0x0000000100000000)
  region size 1024K, 9 young (9216K), 8 survivors (8192K)
 Metaspace       used 35398K, committed 36608K, reserved 380928K
  class space    used 4955K, committed 5568K, reserved 315392K
}
Event: 8.866 GC heap after
{Heap after GC invocations=7 (full 0):
 garbage-first heap   total 262144K, used 33595K [0x00000000e0000000, 0x0000000100000000)
  region size 1024K, 9 young (9216K), 9 survivors (9216K)
 Metaspace       used 35398K, committed 36608K, reserved 380928K
  class space    used 4955K, committed 5568K, reserved 315392K
}
Event: 16.863 GC heap before
{Heap before GC invocations=8 (full 0):
 garbage-first heap   total 262144K, used 182075K [0x00000000e0000000, 0x0000000100000000)
  region size 1024K, 153 young (156672K), 9 survivors (9216K)
 Metaspace       used 50938K, committed 52800K, reserved 380928K
  class space    used 7335K, committed 8256K, reserved 315392K
}
Event: 16.893 GC heap after
{Heap after GC invocations=9 (full 0):
 garbage-first heap   total 262144K, used 41345K [0x00000000e0000000, 0x0000000100000000)
  region size 1024K, 18 young (18432K), 18 survivors (18432K)
 Metaspace       used 50938K, committed 52800K, reserved 380928K
  class space    used 7335K, committed 8256K, reserved 315392K
}
Event: 107.700 GC heap before
{Heap before GC invocations=9 (full 0):
 garbage-first heap   total 262144K, used 178561K [0x00000000e0000000, 0x0000000100000000)
  region size 1024K, 153 young (156672K), 18 survivors (18432K)
 Metaspace       used 56778K, committed 58688K, reserved 380928K
  class space    used 8073K, committed 9024K, reserved 315392K
}
Event: 109.603 GC heap after
{Heap after GC invocations=10 (full 0):
 garbage-first heap   total 262144K, used 48987K [0x00000000e0000000, 0x0000000100000000)
  region size 1024K, 19 young (19456K), 19 survivors (19456K)
 Metaspace       used 56778K, committed 58688K, reserved 380928K
  class space    used 8073K, committed 9024K, reserved 315392K
}

